<?xml version="1.0" encoding="UTF-8"?>
<testsuite xmlns:xsi="http://www.w3.org/2001/XMLSchema-instance" xsi:noNamespaceSchemaLocation="https://maven.apache.org/surefire/maven-surefire-plugin/xsd/surefire-test-report.xsd" name="TestSuite" time="53.22" tests="1" errors="0" skipped="0" failures="0">
  <properties>
    <property name="sun.desktop" value="windows"/>
    <property name="awt.toolkit" value="sun.awt.windows.WToolkit"/>
    <property name="file.encoding.pkg" value="sun.io"/>
    <property name="java.specification.version" value="1.8"/>
    <property name="sun.cpu.isalist" value="amd64"/>
    <property name="sun.jnu.encoding" value="GBK"/>
    <property name="java.class.path" value="D:\javacode\web_auto_test3\target\test-classes;D:\javacode\web_auto_test3\target\classes;D:\azrj\apache-maven-3.6.1\repository\org\seleniumhq\selenium\selenium-java\3.141.59\selenium-java-3.141.59.jar;D:\azrj\apache-maven-3.6.1\repository\org\seleniumhq\selenium\selenium-api\3.141.59\selenium-api-3.141.59.jar;D:\azrj\apache-maven-3.6.1\repository\org\seleniumhq\selenium\selenium-chrome-driver\3.141.59\selenium-chrome-driver-3.141.59.jar;D:\azrj\apache-maven-3.6.1\repository\org\seleniumhq\selenium\selenium-edge-driver\3.141.59\selenium-edge-driver-3.141.59.jar;D:\azrj\apache-maven-3.6.1\repository\org\seleniumhq\selenium\selenium-firefox-driver\3.141.59\selenium-firefox-driver-3.141.59.jar;D:\azrj\apache-maven-3.6.1\repository\org\seleniumhq\selenium\selenium-ie-driver\3.141.59\selenium-ie-driver-3.141.59.jar;D:\azrj\apache-maven-3.6.1\repository\org\seleniumhq\selenium\selenium-opera-driver\3.141.59\selenium-opera-driver-3.141.59.jar;D:\azrj\apache-maven-3.6.1\repository\org\seleniumhq\selenium\selenium-remote-driver\3.141.59\selenium-remote-driver-3.141.59.jar;D:\azrj\apache-maven-3.6.1\repository\org\seleniumhq\selenium\selenium-safari-driver\3.141.59\selenium-safari-driver-3.141.59.jar;D:\azrj\apache-maven-3.6.1\repository\org\seleniumhq\selenium\selenium-support\3.141.59\selenium-support-3.141.59.jar;D:\azrj\apache-maven-3.6.1\repository\net\bytebuddy\byte-buddy\1.8.15\byte-buddy-1.8.15.jar;D:\azrj\apache-maven-3.6.1\repository\org\apache\commons\commons-exec\1.3\commons-exec-1.3.jar;D:\azrj\apache-maven-3.6.1\repository\com\google\guava\guava\25.0-jre\guava-25.0-jre.jar;D:\azrj\apache-maven-3.6.1\repository\com\google\code\findbugs\jsr305\1.3.9\jsr305-1.3.9.jar;D:\azrj\apache-maven-3.6.1\repository\org\checkerframework\checker-compat-qual\2.0.0\checker-compat-qual-2.0.0.jar;D:\azrj\apache-maven-3.6.1\repository\com\google\errorprone\error_prone_annotations\2.1.3\error_prone_annotations-2.1.3.jar;D:\azrj\apache-maven-3.6.1\repository\com\google\j2objc\j2objc-annotations\1.1\j2objc-annotations-1.1.jar;D:\azrj\apache-maven-3.6.1\repository\org\codehaus\mojo\animal-sniffer-annotations\1.14\animal-sniffer-annotations-1.14.jar;D:\azrj\apache-maven-3.6.1\repository\com\squareup\okhttp3\okhttp\3.11.0\okhttp-3.11.0.jar;D:\azrj\apache-maven-3.6.1\repository\com\squareup\okio\okio\1.14.0\okio-1.14.0.jar;D:\azrj\apache-maven-3.6.1\repository\org\testng\testng\6.14.0\testng-6.14.0.jar;D:\azrj\apache-maven-3.6.1\repository\org\apache-extras\beanshell\bsh\2.0b6\bsh-2.0b6.jar;D:\azrj\apache-maven-3.6.1\repository\com\beust\jcommander\1.66\jcommander-1.66.jar;D:\azrj\apache-maven-3.6.1\repository\org\apache\ant\ant\1.9.7\ant-1.9.7.jar;D:\azrj\apache-maven-3.6.1\repository\org\apache\ant\ant-launcher\1.9.7\ant-launcher-1.9.7.jar;D:\azrj\apache-maven-3.6.1\repository\org\apache\commons\commons-lang3\3.9\commons-lang3-3.9.jar;D:\azrj\apache-maven-3.6.1\repository\log4j\log4j\1.2.17\log4j-1.2.17.jar;D:\azrj\apache-maven-3.6.1\repository\commons-io\commons-io\2.4\commons-io-2.4.jar;D:\azrj\apache-maven-3.6.1\repository\io\qameta\allure\allure-testng\2.12.1\allure-testng-2.12.1.jar;D:\azrj\apache-maven-3.6.1\repository\io\qameta\allure\allure-java-commons\2.12.1\allure-java-commons-2.12.1.jar;D:\azrj\apache-maven-3.6.1\repository\io\qameta\allure\allure-model\2.12.1\allure-model-2.12.1.jar;D:\azrj\apache-maven-3.6.1\repository\org\slf4j\slf4j-api\1.7.25\slf4j-api-1.7.25.jar;D:\azrj\apache-maven-3.6.1\repository\com\fasterxml\jackson\core\jackson-databind\2.9.8\jackson-databind-2.9.8.jar;D:\azrj\apache-maven-3.6.1\repository\com\fasterxml\jackson\core\jackson-annotations\2.9.0\jackson-annotations-2.9.0.jar;D:\azrj\apache-maven-3.6.1\repository\com\fasterxml\jackson\core\jackson-core\2.9.8\jackson-core-2.9.8.jar;D:\azrj\apache-maven-3.6.1\repository\org\apache\tika\tika-core\1.20\tika-core-1.20.jar;D:\azrj\apache-maven-3.6.1\repository\org\jooq\joor-java-8\0.9.10\joor-java-8-0.9.10.jar;"/>
    <property name="java.vm.vendor" value="Oracle Corporation"/>
    <property name="sun.arch.data.model" value="64"/>
    <property name="user.variant" value=""/>
    <property name="java.vendor.url" value="http://java.oracle.com/"/>
    <property name="user.timezone" value="Asia/Shanghai"/>
    <property name="java.vm.specification.version" value="1.8"/>
    <property name="os.name" value="Windows 7"/>
    <property name="user.country" value="CN"/>
    <property name="sun.java.launcher" value="SUN_STANDARD"/>
    <property name="sun.boot.library.path" value="C:\Program Files\Java\jdk1.8.0_152\jre\bin"/>
    <property name="sun.java.command" value="C:\Users\Edword\AppData\Local\Temp\surefire1842643491375183773\surefirebooter8298024183745132529.jar C:\Users\Edword\AppData\Local\Temp\surefire1842643491375183773 2020-03-28T16-23-05_871-jvmRun1 surefire1194980363748781828tmp surefire_08206311735671791716tmp"/>
    <property name="surefire.test.class.path" value="D:\javacode\web_auto_test3\target\test-classes;D:\javacode\web_auto_test3\target\classes;D:\azrj\apache-maven-3.6.1\repository\org\seleniumhq\selenium\selenium-java\3.141.59\selenium-java-3.141.59.jar;D:\azrj\apache-maven-3.6.1\repository\org\seleniumhq\selenium\selenium-api\3.141.59\selenium-api-3.141.59.jar;D:\azrj\apache-maven-3.6.1\repository\org\seleniumhq\selenium\selenium-chrome-driver\3.141.59\selenium-chrome-driver-3.141.59.jar;D:\azrj\apache-maven-3.6.1\repository\org\seleniumhq\selenium\selenium-edge-driver\3.141.59\selenium-edge-driver-3.141.59.jar;D:\azrj\apache-maven-3.6.1\repository\org\seleniumhq\selenium\selenium-firefox-driver\3.141.59\selenium-firefox-driver-3.141.59.jar;D:\azrj\apache-maven-3.6.1\repository\org\seleniumhq\selenium\selenium-ie-driver\3.141.59\selenium-ie-driver-3.141.59.jar;D:\azrj\apache-maven-3.6.1\repository\org\seleniumhq\selenium\selenium-opera-driver\3.141.59\selenium-opera-driver-3.141.59.jar;D:\azrj\apache-maven-3.6.1\repository\org\seleniumhq\selenium\selenium-remote-driver\3.141.59\selenium-remote-driver-3.141.59.jar;D:\azrj\apache-maven-3.6.1\repository\org\seleniumhq\selenium\selenium-safari-driver\3.141.59\selenium-safari-driver-3.141.59.jar;D:\azrj\apache-maven-3.6.1\repository\org\seleniumhq\selenium\selenium-support\3.141.59\selenium-support-3.141.59.jar;D:\azrj\apache-maven-3.6.1\repository\net\bytebuddy\byte-buddy\1.8.15\byte-buddy-1.8.15.jar;D:\azrj\apache-maven-3.6.1\repository\org\apache\commons\commons-exec\1.3\commons-exec-1.3.jar;D:\azrj\apache-maven-3.6.1\repository\com\google\guava\guava\25.0-jre\guava-25.0-jre.jar;D:\azrj\apache-maven-3.6.1\repository\com\google\code\findbugs\jsr305\1.3.9\jsr305-1.3.9.jar;D:\azrj\apache-maven-3.6.1\repository\org\checkerframework\checker-compat-qual\2.0.0\checker-compat-qual-2.0.0.jar;D:\azrj\apache-maven-3.6.1\repository\com\google\errorprone\error_prone_annotations\2.1.3\error_prone_annotations-2.1.3.jar;D:\azrj\apache-maven-3.6.1\repository\com\google\j2objc\j2objc-annotations\1.1\j2objc-annotations-1.1.jar;D:\azrj\apache-maven-3.6.1\repository\org\codehaus\mojo\animal-sniffer-annotations\1.14\animal-sniffer-annotations-1.14.jar;D:\azrj\apache-maven-3.6.1\repository\com\squareup\okhttp3\okhttp\3.11.0\okhttp-3.11.0.jar;D:\azrj\apache-maven-3.6.1\repository\com\squareup\okio\okio\1.14.0\okio-1.14.0.jar;D:\azrj\apache-maven-3.6.1\repository\org\testng\testng\6.14.0\testng-6.14.0.jar;D:\azrj\apache-maven-3.6.1\repository\org\apache-extras\beanshell\bsh\2.0b6\bsh-2.0b6.jar;D:\azrj\apache-maven-3.6.1\repository\com\beust\jcommander\1.66\jcommander-1.66.jar;D:\azrj\apache-maven-3.6.1\repository\org\apache\ant\ant\1.9.7\ant-1.9.7.jar;D:\azrj\apache-maven-3.6.1\repository\org\apache\ant\ant-launcher\1.9.7\ant-launcher-1.9.7.jar;D:\azrj\apache-maven-3.6.1\repository\org\apache\commons\commons-lang3\3.9\commons-lang3-3.9.jar;D:\azrj\apache-maven-3.6.1\repository\log4j\log4j\1.2.17\log4j-1.2.17.jar;D:\azrj\apache-maven-3.6.1\repository\commons-io\commons-io\2.4\commons-io-2.4.jar;D:\azrj\apache-maven-3.6.1\repository\io\qameta\allure\allure-testng\2.12.1\allure-testng-2.12.1.jar;D:\azrj\apache-maven-3.6.1\repository\io\qameta\allure\allure-java-commons\2.12.1\allure-java-commons-2.12.1.jar;D:\azrj\apache-maven-3.6.1\repository\io\qameta\allure\allure-model\2.12.1\allure-model-2.12.1.jar;D:\azrj\apache-maven-3.6.1\repository\org\slf4j\slf4j-api\1.7.25\slf4j-api-1.7.25.jar;D:\azrj\apache-maven-3.6.1\repository\com\fasterxml\jackson\core\jackson-databind\2.9.8\jackson-databind-2.9.8.jar;D:\azrj\apache-maven-3.6.1\repository\com\fasterxml\jackson\core\jackson-annotations\2.9.0\jackson-annotations-2.9.0.jar;D:\azrj\apache-maven-3.6.1\repository\com\fasterxml\jackson\core\jackson-core\2.9.8\jackson-core-2.9.8.jar;D:\azrj\apache-maven-3.6.1\repository\org\apache\tika\tika-core\1.20\tika-core-1.20.jar;D:\azrj\apache-maven-3.6.1\repository\org\jooq\joor-java-8\0.9.10\joor-java-8-0.9.10.jar;"/>
    <property name="sun.cpu.endian" value="little"/>
    <property name="allure.results.directory" value="D:\javacode\web_auto_test3\target/allure-results"/>
    <property name="user.home" value="C:\Users\Edword"/>
    <property name="user.language" value="zh"/>
    <property name="java.specification.vendor" value="Oracle Corporation"/>
    <property name="java.home" value="C:\Program Files\Java\jdk1.8.0_152\jre"/>
    <property name="basedir" value="D:\javacode\web_auto_test3"/>
    <property name="file.separator" value="\"/>
    <property name="line.separator" value="&#10;"/>
    <property name="java.vm.specification.vendor" value="Oracle Corporation"/>
    <property name="java.specification.name" value="Java Platform API Specification"/>
    <property name="java.awt.graphicsenv" value="sun.awt.Win32GraphicsEnvironment"/>
    <property name="surefire.real.class.path" value="C:\Users\Edword\AppData\Local\Temp\surefire1842643491375183773\surefirebooter8298024183745132529.jar;D:\azrj\apache-maven-3.6.1\repository/org/aspectj/aspectjweaver/1.8.10/aspectjweaver-1.8.10.jar"/>
    <property name="sun.boot.class.path" value="C:\Program Files\Java\jdk1.8.0_152\jre\lib\resources.jar;C:\Program Files\Java\jdk1.8.0_152\jre\lib\rt.jar;C:\Program Files\Java\jdk1.8.0_152\jre\lib\sunrsasign.jar;C:\Program Files\Java\jdk1.8.0_152\jre\lib\jsse.jar;C:\Program Files\Java\jdk1.8.0_152\jre\lib\jce.jar;C:\Program Files\Java\jdk1.8.0_152\jre\lib\charsets.jar;C:\Program Files\Java\jdk1.8.0_152\jre\lib\jfr.jar;C:\Program Files\Java\jdk1.8.0_152\jre\classes"/>
    <property name="user.script" value=""/>
    <property name="sun.management.compiler" value="HotSpot 64-Bit Tiered Compilers"/>
    <property name="java.runtime.version" value="1.8.0_152-b16"/>
    <property name="user.name" value="Edword"/>
    <property name="path.separator" value=";"/>
    <property name="os.version" value="6.1"/>
    <property name="java.endorsed.dirs" value="C:\Program Files\Java\jdk1.8.0_152\jre\lib\endorsed"/>
    <property name="java.runtime.name" value="Java(TM) SE Runtime Environment"/>
    <property name="file.encoding" value="UTF-8"/>
    <property name="java.vm.name" value="Java HotSpot(TM) 64-Bit Server VM"/>
    <property name="localRepository" value="D:\azrj\apache-maven-3.6.1\repository"/>
    <property name="java.vendor.url.bug" value="http://bugreport.sun.com/bugreport/"/>
    <property name="java.io.tmpdir" value="C:\Users\Edword\AppData\Local\Temp\"/>
    <property name="java.version" value="1.8.0_152"/>
    <property name="user.dir" value="D:\javacode\web_auto_test3"/>
    <property name="os.arch" value="amd64"/>
    <property name="java.vm.specification.name" value="Java Virtual Machine Specification"/>
    <property name="java.awt.printerjob" value="sun.awt.windows.WPrinterJob"/>
    <property name="sun.os.patch.level" value="Service Pack 1"/>
    <property name="java.library.path" value="C:\Program Files\Java\jdk1.8.0_152\jre\bin;C:\Windows\Sun\Java\bin;C:\Windows\system32;C:\Windows;C:/Program Files/Java/jre1.8.0_152/bin/server;C:/Program Files/Java/jre1.8.0_152/bin;C:/Program Files/Java/jre1.8.0_152/lib/amd64;C:\ProgramData\Oracle\Java\javapath;C:\Oracle\Ora81\bin;C:\Windows\system32;C:\Windows;C:\Windows\System32\Wbem;C:\Windows\System32\WindowsPowerShell\v1.0\;C:\Program Files\Java\jdk1.8.0_152\bin;C:\Program Files\Java\jdk1.8.0_152\jre\bin;C:\Program Files\TortoiseSVN\bin;C:\Program Files\nodejs\;D:\Program Files\Fiddler;C:\Users\Edword\AppData\Roaming\npm;D:\devtool\eclipse;;."/>
    <property name="java.vm.info" value="mixed mode"/>
    <property name="java.vendor" value="Oracle Corporation"/>
    <property name="java.vm.version" value="25.152-b16"/>
    <property name="java.ext.dirs" value="C:\Program Files\Java\jdk1.8.0_152\jre\lib\ext;C:\Windows\Sun\Java\lib\ext"/>
    <property name="sun.io.unicode.encoding" value="UnicodeLittle"/>
    <property name="java.class.version" value="52.0"/>
  </properties>
  <testcase name="testRemeberMobilehone" classname="com.lemon.testcases.Login" time="44.058"/>
</testsuite>