<?xml version="1.0" encoding="UTF-8"?>
<!-- Generated by org.testng.reporters.JUnitReportReporter -->
<testsuite skipped="0" hostname="Edword-PC" name="web_auto_day05.ElementLocate" tests="1" failures="0" timestamp="24 三月 2020 13:40:00 GMT" time="6.241" errors="0">
  <testcase name="keTangPai" time="6.241" classname="web_auto_day05.ElementLocate"/>
</testsuite> <!-- web_auto_day05.ElementLocate -->
