<?xml version="1.0" encoding="UTF-8"?>
<!-- Generated by org.testng.reporters.JUnitReportReporter -->
<testsuite skipped="0" hostname="Edword-PC" name="com.lemon.testcases.LoginCases" tests="8" failures="0" timestamp="21 三月 2020 13:24:41 GMT" time="70.757" errors="0">
  <testcase name="testLogin_failure" time="6.372" classname="com.lemon.testcases.LoginCases"/>
  <testcase name="testLogin_failure02" time="6.254" classname="com.lemon.testcases.LoginCases"/>
  <testcase name="testLogin_failure02" time="5.695" classname="com.lemon.testcases.LoginCases"/>
  <testcase name="testLogin_success" time="27.880" classname="com.lemon.testcases.LoginCases"/>
  <testcase name="testLogin_failure02" time="6.579" classname="com.lemon.testcases.LoginCases"/>
  <testcase name="testLogin_failure02" time="5.788" classname="com.lemon.testcases.LoginCases"/>
  <testcase name="testLogin_failure02" time="5.532" classname="com.lemon.testcases.LoginCases"/>
  <testcase name="testLogin_failure" time="6.657" classname="com.lemon.testcases.LoginCases"/>
</testsuite> <!-- com.lemon.testcases.LoginCases -->
