<?xml version="1.0" encoding="UTF-8"?>
<!-- Generated by org.testng.reporters.JUnitReportReporter -->
<testsuite skipped="0" hostname="Edword-PC" name="web_auto_day01.BaiduTest" tests="1" failures="0" timestamp="08 三月 2020 14:09:19 GMT" time="0.004" errors="0">
  <testcase name="search" time="0.004" classname="web_auto_day01.BaiduTest"/>
</testsuite> <!-- web_auto_day01.BaiduTest -->
