<?xml version="1.0" encoding="UTF-8"?>
<!-- Generated by org.testng.reporters.JUnitReportReporter -->
<testsuite skipped="0" hostname="Edword-PC" name="web_auto_day04.WebdriverAPI" tests="1" failures="0" timestamp="16 三月 2020 14:37:54 GMT" time="10.251" errors="0">
  <testcase name="webdriverAPI" time="10.251" classname="web_auto_day04.WebdriverAPI"/>
</testsuite> <!-- web_auto_day04.WebdriverAPI -->
