<?xml version="1.0" encoding="UTF-8"?>
<!-- Generated by org.testng.reporters.JUnitReportReporter -->
<testsuite skipped="0" hostname="Edword-PC" name="web_auto_day05.JSScroll" tests="1" failures="0" timestamp="18 三月 2020 12:14:53 GMT" time="2.670" errors="0">
  <testcase name="JSScrollTest" time="2.670" classname="web_auto_day05.JSScroll"/>
</testsuite> <!-- web_auto_day05.JSScroll -->
