<?xml version="1.0" encoding="UTF-8"?>
<!-- Generated by org.testng.reporters.JUnitReportReporter -->
<testsuite skipped="0" hostname="Edword-PC" name="com.lemon.testcases.NewTest" tests="1" failures="0" timestamp="28 三月 2020 10:01:41 GMT" time="15.473" errors="0">
  <testcase name="Baidu" time="15.473" classname="com.lemon.testcases.NewTest"/>
</testsuite> <!-- com.lemon.testcases.NewTest -->
