<?xml version="1.0" encoding="UTF-8"?>
<!-- Generated by org.testng.reporters.JUnitReportReporter -->
<testsuite skipped="0" hostname="Edword-PC" name="web_auto_day02.ElementLocate" tests="1" failures="0" timestamp="11 三月 2020 07:31:27 GMT" time="0.476" errors="0">
  <testcase name="keTangPai" time="0.476" classname="web_auto_day02.ElementLocate"/>
</testsuite> <!-- web_auto_day02.ElementLocate -->
