<?xml version="1.0" encoding="UTF-8"?>
<!-- Generated by org.testng.reporters.JUnitReportReporter -->
<testsuite skipped="3" hostname="Edword-PC" name="com.lemon.testcases.Login" tests="4" failures="0" timestamp="27 三月 2020 16:25:41 GMT" time="53.367" errors="0">
  <testcase name="testRemeberMobilehone" time="53.367" classname="com.lemon.testcases.Login"/>
  <testcase name="testLogin_success" classname="com.lemon.testcases.Login">
    <skipped/>
  </testcase> <!-- testLogin_success -->
  <testcase name="testLogin_failure02" classname="com.lemon.testcases.Login">
    <skipped/>
  </testcase> <!-- testLogin_failure02 -->
  <testcase name="testLogin_failure01" classname="com.lemon.testcases.Login">
    <skipped/>
  </testcase> <!-- testLogin_failure01 -->
</testsuite> <!-- com.lemon.testcases.Login -->
