<?xml version="1.0" encoding="UTF-8"?>
<!-- Generated by org.testng.reporters.JUnitReportReporter -->
<testsuite skipped="0" hostname="Edword-PC" name="com.lemon.pageobject.NewTest" tests="2" failures="0" timestamp="28 三月 2020 12:52:48 GMT" time="0.071" errors="0">
  <testcase name="testCase2" time="0.003" classname="com.lemon.pageobject.NewTest"/>
  <testcase name="testCase1" time="0.068" classname="com.lemon.pageobject.NewTest"/>
</testsuite> <!-- com.lemon.pageobject.NewTest -->
